2019-09-17 11:47:05 request.php [GET]: https://api.music.yandex.net/account/status
2019-09-17 11:47:06 request.php [GET]: https://api.music.yandex.net/genres User: Night.Jaguar.Saint
2019-09-17 11:47:26 request.php [GET]: https://api.music.yandex.net/account/status
2019-09-17 11:47:27 request.php [GET]: https://api.music.yandex.net/genres User: Night.Jaguar.Saint
2019-09-17 11:47:55 request.php [GET]: https://api.music.yandex.net/account/status
2019-09-17 11:47:56 request.php [GET]: https://api.music.yandex.net/genres?lang=ru User: Night.Jaguar.Saint
2019-09-17 11:48:00 request.php [GET]: https://api.music.yandex.net/account/status
2019-09-17 11:48:00 request.php [GET]: https://api.music.yandex.net/genres?lang=ru User: Night.Jaguar.Saint
2019-09-17 11:48:04 request.php [GET]: https://api.music.yandex.net/account/status
2019-09-17 11:48:04 request.php [GET]: https://api.music.yandex.net/genres?lang=ru User: Night.Jaguar.Saint
2019-09-17 11:54:55 request.php [GET]: https://api.music.yandex.net/account/status
2019-09-17 11:54:56 request.php [GET]: https://api.music.yandex.net/tracks/1193829/download-info User: Night.Jaguar.Saint
2019-09-17 11:55:02 request.php [GET]: https://api.music.yandex.net/account/status
2019-09-17 11:55:08 request.php [GET]: https://api.music.yandex.net/tracks/1193829/download-info User: Night.Jaguar.Saint
2019-09-17 11:55:48 request.php [GET]: https://api.music.yandex.net/account/status
2019-09-17 11:55:50 request.php [GET]: https://api.music.yandex.net/tracks/1193829/download-info User: Night.Jaguar.Saint
2019-09-17 11:56:23 request.php [GET]: https://api.music.yandex.net/account/status
2019-09-17 11:56:23 request.php [GET]: https://api.music.yandex.net/tracks/1193829,5206873/download-info User: Night.Jaguar.Saint
2019-09-17 11:58:32 request.php [GET]: https://api.music.yandex.net/account/status
2019-09-17 11:58:33 request.php [GET]: https://api.music.yandex.net/tracks/10994777:1193829/download-info User: Night.Jaguar.Saint
2019-09-17 12:01:41 request.php [GET]: https://api.music.yandex.net/account/status
2019-09-17 12:01:42 request.php [GET]: https://api.music.yandex.net/tracks/10994777:1193829,40133452:5206873/download-info User: Night.Jaguar.Saint
2019-09-17 12:01:52 request.php [GET]: https://api.music.yandex.net/account/status
2019-09-17 12:01:53 request.php [GET]: https://api.music.yandex.net/tracks/10994777:1193829/download-info User: Night.Jaguar.Saint
2019-09-17 12:12:33 request.php [GET]: https://api.music.yandex.net/account/status
2019-09-17 12:12:33 request.php [GET]: https://api.music.yandex.net/tracks/10994777:1193829/download-info User: Night.Jaguar.Saint
2019-09-17 12:12:53 request.php [GET]: https://api.music.yandex.net/account/status
2019-09-17 12:12:54 request.php [GET]: https://api.music.yandex.net/tracks/10994777:1193829/download-info User: Night.Jaguar.Saint
2019-09-17 12:13:15 request.php [GET]: https://api.music.yandex.net/account/status
2019-09-17 12:13:16 request.php [GET]: https://api.music.yandex.net/tracks/10994777:1193829/download-info User: Night.Jaguar.Saint
2019-09-17 12:13:42 request.php [GET]: https://api.music.yandex.net/account/status
2019-09-17 12:13:42 request.php [GET]: https://api.music.yandex.net/tracks/10994777:1193829/download-info User: Night.Jaguar.Saint
2019-09-17 12:13:50 request.php [GET]: https://api.music.yandex.net/account/status
2019-09-17 12:13:50 request.php [GET]: https://api.music.yandex.net/tracks/10994777:1193829/download-info User: Night.Jaguar.Saint
2019-09-17 12:14:39 request.php [GET]: https://api.music.yandex.net/account/status
2019-09-17 12:14:40 request.php [GET]: https://api.music.yandex.net/tracks/10994777:1193829/download-info User: Night.Jaguar.Saint
2019-09-17 12:14:51 request.php [GET]: https://api.music.yandex.net/account/status
2019-09-17 12:14:52 request.php [GET]: https://api.music.yandex.net/tracks/10994777:1193829/download-info User: Night.Jaguar.Saint
2019-09-17 12:14:57 request.php [GET]: https://api.music.yandex.net/account/status
2019-09-17 12:14:58 request.php [GET]: https://api.music.yandex.net/tracks/10994777:1193829/download-info User: Night.Jaguar.Saint
2019-09-17 12:14:59 request.php [GET]: https://api.music.yandex.net/account/status
2019-09-17 12:15:00 request.php [GET]: https://api.music.yandex.net/tracks/10994777:1193829/download-info User: Night.Jaguar.Saint
2019-09-17 12:15:06 request.php [GET]: https://api.music.yandex.net/account/status
2019-09-17 12:15:06 request.php [GET]: https://api.music.yandex.net/tracks/10994777:1193829/download-info User: Night.Jaguar.Saint
2019-09-17 12:15:51 request.php [GET]: https://api.music.yandex.net/account/status
2019-09-17 12:15:51 request.php [GET]: https://api.music.yandex.net/tracks/10994777:1193829/download-info User: Night.Jaguar.Saint
2019-09-17 12:16:37 request.php [GET]: https://api.music.yandex.net/account/status
2019-09-17 12:16:38 request.php [GET]: https://api.music.yandex.net/tracks/10994777:1193829/download-info User: Night.Jaguar.Saint
2019-09-17 12:19:11 request.php [GET]: https://api.music.yandex.net/account/status
2019-09-17 12:19:12 request.php [GET]: https://api.music.yandex.net/tracks/10994777:1193829/download-info User: Night.Jaguar.Saint
2019-09-17 12:21:42 request.php [GET]: https://api.music.yandex.net/account/status
2019-09-17 12:21:43 request.php [GET]: https://api.music.yandex.net/tracks/10994777:1193829/download-info User: Night.Jaguar.Saint
2019-09-17 12:22:21 request.php [GET]: https://api.music.yandex.net/account/status
2019-09-17 12:22:21 request.php [GET]: https://api.music.yandex.net/tracks/10994777:1193829/download-info User: Night.Jaguar.Saint
2019-09-17 12:23:32 request.php [GET]: https://api.music.yandex.net/account/status
2019-09-17 12:23:32 request.php [GET]: https://api.music.yandex.net/tracks/10994777:1193829/download-info User: Night.Jaguar.Saint
2019-09-17 12:27:06 request.php [GET]: https://api.music.yandex.net/account/status
2019-09-17 12:27:07 request.php [GET]: https://api.music.yandex.net/tracks/10994777:1193829/download-info User: Night.Jaguar.Saint
2019-09-17 12:27:17 request.php [GET]: https://api.music.yandex.net/account/status
2019-09-17 12:27:18 request.php [GET]: https://api.music.yandex.net/tracks/10994777:1193829/download-info User: Night.Jaguar.Saint
2019-09-17 12:27:41 request.php [GET]: https://api.music.yandex.net/account/status
2019-09-17 12:27:43 request.php [GET]: https://api.music.yandex.net/tracks/10994777:1193829/download-info User: Night.Jaguar.Saint
2019-09-17 12:28:01 request.php [GET]: https://api.music.yandex.net/account/status
2019-09-17 12:28:01 request.php [GET]: https://api.music.yandex.net/tracks/10994777:1193829/download-info User: Night.Jaguar.Saint
2019-09-17 12:30:01 request.php [GET]: https://api.music.yandex.net/account/status
2019-09-17 12:30:01 request.php [GET]: https://api.music.yandex.net/tracks/10994777:1193829/download-info User: Night.Jaguar.Saint
2019-09-17 12:30:04 request.php [GET]: https://api.music.yandex.net/account/status
2019-09-17 12:30:04 request.php [GET]: https://api.music.yandex.net/tracks/10994777:1193829/download-info User: Night.Jaguar.Saint
2019-09-17 12:32:18 request.php [GET]: https://api.music.yandex.net/account/status
2019-09-17 12:32:19 request.php [GET]: https://api.music.yandex.net/tracks/10994777:1193829/download-info User: Night.Jaguar.Saint
2019-09-17 12:32:19 request.php [GET]: https://storage.mds.yandex.net/file-download-info/136146_d158926e.14534319.7.10994777/g128?sign=0c132ea3a982c3e64e0c31c0043d581b9bce1692b9bacd953ed920720488f01a&ts=5d80a85f User: Night.Jaguar.Saint
2019-09-17 12:32:34 request.php [GET]: https://api.music.yandex.net/account/status
2019-09-17 12:32:35 request.php [GET]: https://api.music.yandex.net/tracks/10994777:1193829/download-info User: Night.Jaguar.Saint
2019-09-17 12:32:35 request.php [GET]: https://storage.mds.yandex.net/file-download-info/136146_d158926e.14534319.8.10994777/192?sign=8f93bdcac575c23dd7d40b0e774c41d4a78f95507216f987db7a6f4adb52dc1f&ts=5d80a86f User: Night.Jaguar.Saint
2019-09-17 12:33:23 request.php [GET]: https://storage.mds.yandex.net/file-download-info/136146_d158926e.14534319.9.10994777/g64he?sign=e8a7f4cfb4ddfbdb0407885fdcacd5c9780b9922ff45c28eb3740e667c204cdd&ts=5d80a85f User: Night.Jaguar.Saint
2019-09-17 12:33:23 request.php [GET]: https://storage.mds.yandex.net/file-download-info/136146_d158926e.14534319.1.10994777/2?sign=655590dacef4f5d28722e88f0058f0b092d84e00570b84c8a4e08765a4104da4&ts=5d80a85f User: Night.Jaguar.Saint
2019-09-17 12:33:23 request.php [GET]: https://storage.mds.yandex.net/file-download-info/136146_d158926e.14534319.6.10994777/320?sign=4a37d7db7d66d9622e8b7cc04b5c596047551ba7d3bf194ab696c18536eeebe9&ts=5d80a85f User: Night.Jaguar.Saint
2019-09-17 12:33:24 request.php [GET]: https://storage.mds.yandex.net/file-download-info/136146_d158926e.14534319.8.10994777/192?sign=7ce216607c93d615f3d24fcdb720308655af4035c60ef814499e06c6112a3e68&ts=5d80a85f User: Night.Jaguar.Saint
2019-09-17 12:33:35 request.php [GET]: https://storage.mds.yandex.net/file-download-info/136146_d158926e.14534319.1.10994777/2?sign=c775b5d7a5e0fbdc60d68a1a5915140479c9f808c30a2866f89300f16959cc41&ts=5d80a86f User: Night.Jaguar.Saint
2019-09-17 12:33:36 request.php [GET]: https://storage.mds.yandex.net/file-download-info/136146_d158926e.14534319.7.10994777/g128?sign=e391009d412661eecf2e13bd2725d79178a65d2c4da09aabd09c3e31259735c9&ts=5d80a86f User: Night.Jaguar.Saint
2019-09-17 12:33:36 request.php [GET]: https://storage.mds.yandex.net/file-download-info/136146_d158926e.14534319.6.10994777/320?sign=58d2354bfe267bdee0c7d425efa4b376e45a9cfcc17fa3cc07d7dd3dc0949e8e&ts=5d80a86f User: Night.Jaguar.Saint
2019-09-17 12:33:36 request.php [GET]: https://storage.mds.yandex.net/file-download-info/136146_d158926e.14534319.9.10994777/g64he?sign=a862e9cd8adf39f4128c4e339f85f0af7788fd3ce3c4cb4e22e36ddc7cf57938&ts=5d80a86f User: Night.Jaguar.Saint
2019-09-17 12:36:29 request.php [GET]: https://api.music.yandex.net/account/status
2019-09-17 12:36:30 request.php [GET]: https://api.music.yandex.net/tracks/40133452:5206873/download-info User: Night.Jaguar.Saint
2019-09-17 12:36:51 request.php [GET]: https://api.music.yandex.net/account/status
2019-09-17 12:36:51 request.php [GET]: https://api.music.yandex.net/tracks/40133452:5206873/download-info User: Night.Jaguar.Saint
2019-09-17 12:37:08 request.php [GET]: https:\/\/storage.mds.yandex.net\/file-download-info\/226596_d486b75b.60783598.1.40133452\/2?sign=429e338496840534d74f1f019a19d06f862d5c5d5f4590bc72057e4f70262543&ts=5d80a970
2019-09-17 12:37:18 request.php [GET]: https:\/\/storage.mds.yandex.net\/file-download-info\/226596_d486b75b.60783598.1.40133452\/2?sign=429e338496840534d74f1f019a19d06f862d5c5d5f4590bc72057e4f70262543&ts=5d80a970
2019-09-17 12:38:03 request.php [GET]: https://api.music.yandex.net/account/status
2019-09-17 12:38:04 request.php [GET]: https://api.music.yandex.net/tracks/40133452:5206873/download-info User: Night.Jaguar.Saint
2019-09-17 12:38:29 request.php [GET]: https://storage.mds.yandex.net//file-download-info//226596_d486b75b.60783598.1.40133452//2?sign=fc49ae830e70504b1b6ffdc9a20c08f0fc73cb9690d03377de1905a1c6b62df0&ts=5d80a9b8
2019-09-17 12:41:46 request.php [GET]: https://api.music.yandex.net/account/status
2019-09-17 12:41:47 request.php [GET]: https://api.music.yandex.net/tracks/40133452:5206873/download-info User: Night.Jaguar.Saint
2019-09-17 12:42:12 request.php [GET]: https://api.music.yandex.net/account/status
2019-09-17 12:42:13 request.php [GET]: https://api.music.yandex.net/tracks/40133452:5206873/download-info User: Night.Jaguar.Saint
2019-09-17 12:42:19 request.php [GET]: https://api.music.yandex.net/account/status
2019-09-17 12:42:20 request.php [GET]: https://api.music.yandex.net/tracks/40133452:5206873/download-info User: Night.Jaguar.Saint
2019-09-17 12:42:37 request.php [GET]: https:\/\/storage.mds.yandex.net\/file-download-info\/226596_d486b75b.60783598.8.40133452\/320?sign=d43d945a147ec2370c8cc05696e965c7807f0dd340c4859d8d156544761c842e&ts=5d80aab8
2019-09-17 12:42:38 request.php [GET]: https:\/\/storage.mds.yandex.net\/file-download-info\/226596_d486b75b.60783598.8.40133452\/320?sign=d43d945a147ec2370c8cc05696e965c7807f0dd340c4859d8d156544761c842e&ts=5d80aab8
2019-09-17 12:42:54 request.php [GET]: https://storage.mds.yandex.net//file-download-info//226596_d486b75b.60783598.8.40133452//320?sign=d43d945a147ec2370c8cc05696e965c7807f0dd340c4859d8d156544761c842e&ts=5d80aab8
2019-09-17 12:43:24 request.php [GET]: https://api.music.yandex.net/account/status
2019-09-17 12:43:24 request.php [GET]: https://api.music.yandex.net/tracks/40133452:5206873/download-info User: Night.Jaguar.Saint
2019-09-17 12:43:44 request.php [GET]: https://api.music.yandex.net/account/status
2019-09-17 12:43:46 request.php [GET]: https://api.music.yandex.net/tracks/40133452:5206873/download-info User: Night.Jaguar.Saint
2019-09-17 12:43:58 request.php [GET]: https://api.music.yandex.net/account/status
2019-09-17 12:43:59 request.php [GET]: https://api.music.yandex.net/tracks/40133452:5206873/download-info User: Night.Jaguar.Saint
2019-09-17 12:45:36 request.php [GET]: https://api.music.yandex.net/account/status
2019-09-17 12:45:36 request.php [GET]: https://api.music.yandex.net/tracks/40133452:5206873/download-info User: Night.Jaguar.Saint
2019-09-17 12:45:39 request.php [GET]: https://api.music.yandex.net/account/status
2019-09-17 12:45:40 request.php [GET]: https://api.music.yandex.net/tracks/40133452:5206873/download-info User: Night.Jaguar.Saint
2019-09-17 12:45:46 request.php [GET]: https://api.music.yandex.net/account/status
2019-09-17 12:45:46 request.php [GET]: https://api.music.yandex.net/tracks/40133452:5206873/download-info User: Night.Jaguar.Saint
2019-09-17 12:46:05 request.php [GET]: https:\/\/storage.mds.yandex.net\/file-download-info\/226596_d486b75b.60783598.1.40133452\/2?sign=c75fd0ff04cc0bade98f7b6688a7737640bb80b949786d5cc1d9c1ad5d55d140&ts=5d80ab86
2019-09-17 12:46:07 request.php [GET]: https:\/\/storage.mds.yandex.net\/file-download-info\/226596_d486b75b.60783598.1.40133452\/2?sign=c75fd0ff04cc0bade98f7b6688a7737640bb80b949786d5cc1d9c1ad5d55d140&ts=5d80ab86
2019-09-17 12:46:08 request.php [GET]: https:\/\/storage.mds.yandex.net\/file-download-info\/226596_d486b75b.60783598.1.40133452\/2?sign=c75fd0ff04cc0bade98f7b6688a7737640bb80b949786d5cc1d9c1ad5d55d140&ts=5d80ab86
2019-09-17 12:46:20 request.php [GET]: https://storage.mds.yandex.net//file-download-info//226596_d486b75b.60783598.1.40133452//2?sign=c75fd0ff04cc0bade98f7b6688a7737640bb80b949786d5cc1d9c1ad5d55d140&ts=5d80ab86
2019-09-17 12:49:18 request.php [GET]: https://api.music.yandex.net/account/status
2019-09-17 12:49:18 request.php [GET]: https://api.music.yandex.net/tracks/40133452:5206873/download-info User: Night.Jaguar.Saint
2019-09-17 12:52:38 request.php [GET]: https://api.music.yandex.net/account/status
2019-09-17 12:52:38 request.php [GET]: https://api.music.yandex.net/tracks/40133452:5206873/download-info User: Night.Jaguar.Saint
2019-09-17 12:52:55 request.php [GET_XML]: https://storage.mds.yandex.net//file-download-info//226596_d486b75b.60783598.1.40133452//2?sign=e79ec1e07f5bbbb3c8f71694233af24acdf920fe44b2191af602915fdf1f5d9e&ts=5d80ad22
2019-09-17 12:54:42 request.php [GET]: https://api.music.yandex.net/account/status
2019-09-17 12:54:43 request.php [GET]: https://api.music.yandex.net/tracks/40133452:5206873/download-info User: Night.Jaguar.Saint
2019-09-17 12:55:26 request.php [GET]: https://api.music.yandex.net/account/status
2019-09-17 12:55:27 request.php [GET]: https://api.music.yandex.net/tracks/40133452:5206873/download-info User: Night.Jaguar.Saint
2019-09-17 12:57:01 request.php [GET]: https://api.music.yandex.net/account/status
2019-09-17 12:57:01 request.php [GET]: https://api.music.yandex.net/tracks/40133452:5206873/download-info User: Night.Jaguar.Saint
2019-09-17 12:57:18 request.php [GET]: https://api.music.yandex.net/account/status
2019-09-17 12:57:19 request.php [GET]: https://api.music.yandex.net/tracks/40133452:5206873/download-info User: Night.Jaguar.Saint
2019-09-17 12:57:38 request.php [GET]: https://api.music.yandex.net/account/status
2019-09-17 12:57:38 request.php [GET]: https://api.music.yandex.net/tracks/40133452:5206873/download-info User: Night.Jaguar.Saint
2019-09-17 12:58:41 request.php [GET]: https://api.music.yandex.net/account/status
2019-09-17 12:58:41 request.php [GET]: https://api.music.yandex.net/tracks/40133452:5206873/download-info User: Night.Jaguar.Saint
2019-09-17 12:59:13 request.php [GET]: https://api.music.yandex.net/account/status
2019-09-17 12:59:14 request.php [GET]: https://api.music.yandex.net/tracks/40133452:5206873/download-info User: Night.Jaguar.Saint
2019-09-17 12:59:16 request.php [GET]: https://api.music.yandex.net/account/status
2019-09-17 12:59:17 request.php [GET]: https://api.music.yandex.net/tracks/40133452:5206873/download-info User: Night.Jaguar.Saint
2019-09-17 12:59:18 request.php [GET]: https://api.music.yandex.net/account/status
2019-09-17 12:59:19 request.php [GET]: https://api.music.yandex.net/tracks/40133452:5206873/download-info User: Night.Jaguar.Saint
2019-09-17 12:59:35 request.php [GET]: https://api.music.yandex.net/account/status
2019-09-17 12:59:41 request.php [GET]: https://api.music.yandex.net/tracks/40133452:5206873/download-info User: Night.Jaguar.Saint
2019-09-17 12:59:51 request.php [GET]: https://api.music.yandex.net/account/status
2019-09-17 12:59:51 request.php [GET]: https://api.music.yandex.net/tracks/40133452:5206873/download-info User: Night.Jaguar.Saint
2019-09-17 13:00:05 request.php [GET]: https://api.music.yandex.net/account/status
2019-09-17 13:00:07 request.php [GET]: https://api.music.yandex.net/tracks/40133452:5206873/download-info User: Night.Jaguar.Saint
2019-09-17 13:00:25 request.php [GET]: https://api.music.yandex.net/account/status
2019-09-17 13:00:25 request.php [GET]: https://api.music.yandex.net/tracks/40133452:5206873/download-info User: Night.Jaguar.Saint
2019-09-17 13:00:26 request.php [GET_XML]: https://storage.mds.yandex.net/file-download-info/226596_d486b75b.60783598.9.40133452/g64he?sign=e82382b58d82159894811ad0b12dbb1420c442801c1fed5d0622de5780cb9da8&ts=5d80aef6 User: Night.Jaguar.Saint
2019-09-17 13:00:26 request.php [GET_XML]: https://storage.mds.yandex.net/file-download-info/226596_d486b75b.60783598.5.40133452/192?sign=f2050683a60e9207f48008081177733873efc320b2666f9d7112dcc179f0ac11&ts=5d80aef6 User: Night.Jaguar.Saint
2019-09-17 13:00:26 request.php [GET_XML]: https://storage.mds.yandex.net/file-download-info/226596_d486b75b.60783598.7.40133452/g128?sign=9a13f78607608c6ba779a1277f62f34e12cac3e2e21c668d68c0778f092f25c0&ts=5d80aef6 User: Night.Jaguar.Saint
2019-09-17 13:00:27 request.php [GET_XML]: https://storage.mds.yandex.net/file-download-info/226596_d486b75b.60783598.8.40133452/320?sign=204dc43108ba083166dad1c9716c525b1b0548c243b3fd60351e1224765798ee&ts=5d80aef6 User: Night.Jaguar.Saint
2019-09-17 13:00:27 request.php [GET_XML]: https://storage.mds.yandex.net/file-download-info/226596_d486b75b.60783598.1.40133452/2?sign=dcf348edcfba608b09149e1fbb13c36058d6e8f287c0d65afe00f80ba151584b&ts=5d80aef6 User: Night.Jaguar.Saint
2019-09-17 13:00:46 request.php [GET]: https://api.music.yandex.net/account/status
2019-09-17 13:00:46 request.php [GET]: https://api.music.yandex.net/tracks/40133452:5206873/download-info User: Night.Jaguar.Saint
2019-09-17 13:00:46 request.php [GET_XML]: https://storage.mds.yandex.net/file-download-info/226596_d486b75b.60783598.1.40133452/2?sign=6f70a9118131d6787c14292326505eafefedec8b445fc01b1f1f24ea21c47772&ts=5d80af0a User: Night.Jaguar.Saint
2019-09-17 13:00:47 request.php [GET_XML]: https://storage.mds.yandex.net/file-download-info/226596_d486b75b.60783598.7.40133452/g128?sign=b5e46599f72ec759d3dcc5467c92c9496dfb711bb8e1b44bad2ef7d0ed942ec8&ts=5d80af0a User: Night.Jaguar.Saint
2019-09-17 13:00:47 request.php [GET_XML]: https://storage.mds.yandex.net/file-download-info/226596_d486b75b.60783598.9.40133452/g64he?sign=07a2c78a380f953034c34fb9595a80ac59e0f280a9a3e740411eb2173f5f0aed&ts=5d80af0a User: Night.Jaguar.Saint
2019-09-17 13:00:47 request.php [GET_XML]: https://storage.mds.yandex.net/file-download-info/226596_d486b75b.60783598.8.40133452/320?sign=4afb689d0a32f3f1341caf5e6cd483e966f3d058a250adf531180b342119a77c&ts=5d80af0a User: Night.Jaguar.Saint
2019-09-17 13:00:48 request.php [GET_XML]: https://storage.mds.yandex.net/file-download-info/226596_d486b75b.60783598.5.40133452/192?sign=bc3170c3cf6e41dfa6343aeef9fe2dc4becb432f02248f32a842d6011990c40d&ts=5d80af0a User: Night.Jaguar.Saint
2019-09-17 13:05:26 request.php [GET]: https://api.music.yandex.net/account/status
2019-09-17 13:05:26 request.php [GET]: https://api.music.yandex.net/tracks/40133452:5206873/download-info User: Night.Jaguar.Saint
2019-09-17 13:05:26 request.php [GET_XML]: https://storage.mds.yandex.net/file-download-info/226596_d486b75b.60783598.1.40133452/2?sign=e97f4aaa225ce8a70ff1b92cf9da383f138c968f795c2418cec5d7ce2a07233a&ts=5d80b022 User: Night.Jaguar.Saint
2019-09-17 13:05:27 request.php [GET_XML]: https://storage.mds.yandex.net/file-download-info/226596_d486b75b.60783598.5.40133452/192?sign=462eaaab845c953e0b8bb5f576ea03c18969f3ee16d1e64483c7cb31db88d393&ts=5d80b022 User: Night.Jaguar.Saint
2019-09-17 13:05:27 request.php [GET_XML]: https://storage.mds.yandex.net/file-download-info/226596_d486b75b.60783598.8.40133452/320?sign=ec84756b504fd4c52d5ba11587bbe12302b2fad4edb2ef717d4d6ade4c9652e2&ts=5d80b022 User: Night.Jaguar.Saint
2019-09-17 13:05:27 request.php [GET_XML]: https://storage.mds.yandex.net/file-download-info/226596_d486b75b.60783598.7.40133452/g128?sign=aa1e17407c0a06a45b1e578fce9481b3b9a75a282a4fbd5fe9a358a5663ab598&ts=5d80b022 User: Night.Jaguar.Saint
2019-09-17 13:05:28 request.php [GET_XML]: https://storage.mds.yandex.net/file-download-info/226596_d486b75b.60783598.9.40133452/g64he?sign=a81c3fcd7f01a2bc779463a20e51fbee8986c341fb0c776e13b27243ecd0a6ff&ts=5d80b022 User: Night.Jaguar.Saint
2019-09-17 13:05:54 request.php [GET]: https://api.music.yandex.net/account/status
2019-09-17 13:05:55 request.php [GET]: https://api.music.yandex.net/tracks/40133452:5206873/download-info User: Night.Jaguar.Saint
2019-09-17 13:05:55 request.php [GET_XML]: https://storage.mds.yandex.net/file-download-info/226596_d486b75b.60783598.1.40133452/2?sign=95c9b0b3fc0db95384612c18276a1c359681bf79fa32de7fde252e1534d1f205&ts=5d80b03f User: Night.Jaguar.Saint
2019-09-17 13:05:56 request.php [GET_XML]: https://storage.mds.yandex.net/file-download-info/226596_d486b75b.60783598.8.40133452/320?sign=69768e185a3ae8a002504614c68b64db75de705395350edf7c31f4af2105b446&ts=5d80b03f User: Night.Jaguar.Saint
2019-09-17 13:05:56 request.php [GET_XML]: https://storage.mds.yandex.net/file-download-info/226596_d486b75b.60783598.7.40133452/g128?sign=1439bd3500512cbbc0d22e235e0dd7e4106a66455d5b7b5b570f0f41be2a1872&ts=5d80b03f User: Night.Jaguar.Saint
2019-09-17 13:05:56 request.php [GET_XML]: https://storage.mds.yandex.net/file-download-info/226596_d486b75b.60783598.5.40133452/192?sign=64e5f8e72c4b88e6cb54375c2fd82dfa405e96965a7c1fef6a78591480b7503e&ts=5d80b03f User: Night.Jaguar.Saint
2019-09-17 13:05:57 request.php [GET_XML]: https://storage.mds.yandex.net/file-download-info/226596_d486b75b.60783598.9.40133452/g64he?sign=3c2ed73adf48dd4fce8eabd17152339949f8d3326afbf380732f1ff63e783f02&ts=5d80b03f User: Night.Jaguar.Saint
2019-09-17 13:07:21 request.php [GET]: https://api.music.yandex.net/account/status
2019-09-17 13:07:22 request.php [GET]: https://api.music.yandex.net/tracks/40133452:5206873/download-info User: Night.Jaguar.Saint
2019-09-17 13:07:22 request.php [GET_XML]: https://storage.mds.yandex.net/file-download-info/226596_d486b75b.60783598.7.40133452/g128?sign=9f26975a600838120cff8be0e29591bb725effa79f2af4bde841cbb0ea078a27&ts=5d80b096 User: Night.Jaguar.Saint
2019-09-17 13:07:22 request.php [GET_XML]: https://storage.mds.yandex.net/file-download-info/226596_d486b75b.60783598.5.40133452/192?sign=fab7b0a7ccf48ab164264a63f840a911ce92f5cab93140dd571fa4da5eb483f3&ts=5d80b096 User: Night.Jaguar.Saint
2019-09-17 13:07:23 request.php [GET_XML]: https://storage.mds.yandex.net/file-download-info/226596_d486b75b.60783598.8.40133452/320?sign=4b3b9299258ac3bac4afd067379aa56ea1f1f64a193131660dc8b4872cb6a235&ts=5d80b096 User: Night.Jaguar.Saint
2019-09-17 13:07:23 request.php [GET_XML]: https://storage.mds.yandex.net/file-download-info/226596_d486b75b.60783598.1.40133452/2?sign=3d0ef1017e71ecff4e6a22853c17c79f390cf973bf1dbc218c3517d35d30b141&ts=5d80b096 User: Night.Jaguar.Saint
2019-09-17 13:07:24 request.php [GET_XML]: https://storage.mds.yandex.net/file-download-info/226596_d486b75b.60783598.9.40133452/g64he?sign=80d624a424a32b4ea4bde2bafea132da9d58a539f2df374c38ea4b35b832d851&ts=5d80b096 User: Night.Jaguar.Saint
2019-09-17 13:10:26 request.php [GET]: https://api.music.yandex.net/account/status
2019-09-17 13:10:27 request.php [GET]: https://api.music.yandex.net/tracks/40133452:5206873/download-info User: Night.Jaguar.Saint
2019-09-17 13:10:28 request.php [GET_XML]: https://storage.mds.yandex.net/file-download-info/226596_d486b75b.60783598.7.40133452/g128?sign=3fdf31fad45cd59e0a265c4fa9967a981f361a77b678406c48bee48dfcb81716&ts=5d80b150 User: Night.Jaguar.Saint
2019-09-17 13:10:28 request.php [GET_XML]: https://storage.mds.yandex.net/file-download-info/226596_d486b75b.60783598.8.40133452/320?sign=c48f1bb509acb16cb9a8f05727202a4e26ae069484a8d3a427fabeed8021830c&ts=5d80b150 User: Night.Jaguar.Saint
2019-09-17 13:10:28 request.php [GET_XML]: https://storage.mds.yandex.net/file-download-info/226596_d486b75b.60783598.5.40133452/192?sign=468178cfc1283c1088cab8391e29578bb915177bd76624b48b864eb75c5ab425&ts=5d80b150 User: Night.Jaguar.Saint
2019-09-17 13:10:29 request.php [GET_XML]: https://storage.mds.yandex.net/file-download-info/226596_d486b75b.60783598.9.40133452/g64he?sign=78d8673f327bd1028008f98d906faa78a12fcaf14f256586f4c841dac50de18b&ts=5d80b150 User: Night.Jaguar.Saint
2019-09-17 13:10:29 request.php [GET_XML]: https://storage.mds.yandex.net/file-download-info/226596_d486b75b.60783598.1.40133452/2?sign=95d4d4cfeca999fc2a176e6d581f444f560aa18de265af4340177d9840923f18&ts=5d80b150 User: Night.Jaguar.Saint
2019-09-17 13:10:58 request.php [GET]: https://api.music.yandex.net/account/status
2019-09-17 13:10:59 request.php [GET]: https://api.music.yandex.net/tracks/40133452:5206873/download-info User: Night.Jaguar.Saint
2019-09-17 13:10:59 request.php [GET_XML]: https://storage.mds.yandex.net/file-download-info/226596_d486b75b.60783598.9.40133452/g64he?sign=f327f9abd8ca24296a5f58f5962d4f96ce2ae93b7150dab72ea0ce463ef145c2&ts=5d80b16f User: Night.Jaguar.Saint
2019-09-17 13:10:59 request.php [GET_XML]: https://storage.mds.yandex.net/file-download-info/226596_d486b75b.60783598.5.40133452/192?sign=648ac4500bb8e553366f8df468577e34b09f66b5bf8dba87c411b07b2de39a6a&ts=5d80b16f User: Night.Jaguar.Saint
2019-09-17 13:11:00 request.php [GET_XML]: https://storage.mds.yandex.net/file-download-info/226596_d486b75b.60783598.1.40133452/2?sign=fa1eb6c721a87fc082d496ffe5339d15574fd79f20f7ef06e919ffd793d13e2b&ts=5d80b16f User: Night.Jaguar.Saint
2019-09-17 13:11:00 request.php [GET_XML]: https://storage.mds.yandex.net/file-download-info/226596_d486b75b.60783598.7.40133452/g128?sign=d5eccc1bfff851fecd6cd4f30249b4e2b56ab1dfb6f43ad804f7417857c1a6e1&ts=5d80b16f User: Night.Jaguar.Saint
2019-09-17 13:11:00 request.php [GET_XML]: https://storage.mds.yandex.net/file-download-info/226596_d486b75b.60783598.8.40133452/320?sign=265f5d97e0479e3ad8549413e7416607972e838c63ea6afce70ec49595d52cc3&ts=5d80b16f User: Night.Jaguar.Saint
2019-09-17 13:12:03 request.php [GET]: https://api.music.yandex.net/account/status
2019-09-17 13:12:04 request.php [GET]: https://api.music.yandex.net/tracks/40133452:5206873/download-info User: Night.Jaguar.Saint
2019-09-17 13:12:04 request.php [GET_XML]: https://storage.mds.yandex.net/file-download-info/226596_d486b75b.60783598.8.40133452/320?sign=4a6984e2e36886a921be8f204b08f63fbb211329a222f357c160c1906d8af740&ts=5d80b1b0 User: Night.Jaguar.Saint
2019-09-17 13:12:04 request.php [GET_XML]: https://storage.mds.yandex.net/file-download-info/226596_d486b75b.60783598.7.40133452/g128?sign=c716fa6188d43cb31f2c25037f73946a068c1ec035ffb7f02a007e316db98532&ts=5d80b1b0 User: Night.Jaguar.Saint
2019-09-17 13:12:05 request.php [GET_XML]: https://storage.mds.yandex.net/file-download-info/226596_d486b75b.60783598.9.40133452/g64he?sign=7fde9e36f2ea4071b5d2a093d8fb6240c98f2e88eafc088d3bf85e7d6a0968df&ts=5d80b1b0 User: Night.Jaguar.Saint
2019-09-17 13:12:05 request.php [GET_XML]: https://storage.mds.yandex.net/file-download-info/226596_d486b75b.60783598.5.40133452/192?sign=2546c33efec9ae7790b2f50e3ad99ffd22046384c128ec07fbd375b2a02c2422&ts=5d80b1b0 User: Night.Jaguar.Saint
2019-09-17 13:12:06 request.php [GET_XML]: https://storage.mds.yandex.net/file-download-info/226596_d486b75b.60783598.1.40133452/2?sign=5d15b09bd8192186dbf6cc16ba6c134ca70ba17b26f221d06da38cff8f26966c&ts=5d80b1b0 User: Night.Jaguar.Saint
2019-09-17 13:13:07 request.php [GET]: https://api.music.yandex.net/account/status
2019-09-17 13:13:07 request.php [GET]: https://api.music.yandex.net/tracks/40133452:5206873/download-info User: Night.Jaguar.Saint
2019-09-17 13:13:08 request.php [GET_XML]: https://storage.mds.yandex.net/file-download-info/226596_d486b75b.60783598.7.40133452/g128?sign=2fc2d9b736a63597a9c21637e541cc8c7e87b9496fad18ee5975deb815f110d0&ts=5d80b1f0 User: Night.Jaguar.Saint
2019-09-17 13:13:09 request.php [GET_XML]: https://storage.mds.yandex.net/file-download-info/226596_d486b75b.60783598.5.40133452/192?sign=bf9f359df06121965cecbcc0440c53de82fe2afed4372ccc74352453cecc7568&ts=5d80b1f0 User: Night.Jaguar.Saint
2019-09-17 13:13:09 request.php [GET_XML]: https://storage.mds.yandex.net/file-download-info/226596_d486b75b.60783598.1.40133452/2?sign=e3d1dff32404b0f430e29ca87e63ab8d6d90649684b97fd75ed223f5aacfef2d&ts=5d80b1f0 User: Night.Jaguar.Saint
2019-09-17 13:13:09 request.php [GET_XML]: https://storage.mds.yandex.net/file-download-info/226596_d486b75b.60783598.8.40133452/320?sign=d6f8d165321da17452a9d86530d5e88a65141723c61baae376097245967e07c4&ts=5d80b1f0 User: Night.Jaguar.Saint
2019-09-17 13:13:10 request.php [GET_XML]: https://storage.mds.yandex.net/file-download-info/226596_d486b75b.60783598.9.40133452/g64he?sign=c340d6e73e60356463c62dafc59c16274d441dbd88bebe10cc1761f52a364062&ts=5d80b1f0 User: Night.Jaguar.Saint
2019-09-17 13:14:37 request.php [GET]: https://api.music.yandex.net/account/status
2019-09-17 13:14:37 request.php [GET]: https://api.music.yandex.net/tracks/57925627:8751243/download-info User: Night.Jaguar.Saint
2019-09-17 13:14:37 request.php [GET_XML]: https://storage.mds.yandex.net/file-download-info/1676133_89eaf089.86081248.1.57925627/2?sign=8d8bafde6a244caa2ccd140bcc3079c7ab64d063bfa5565edb3c8db366a84b97&ts=5d80b249 User: Night.Jaguar.Saint
2019-09-17 13:14:38 request.php [GET_XML]: https://storage.mds.yandex.net/file-download-info/1676133_89eaf089.86081248.9.57925627/320?sign=c3c1f135fb5d4e6eba4d15f2bfc997e12ce9f63022a4744f31b6c67b6ef9a8dc&ts=5d80b249 User: Night.Jaguar.Saint
2019-09-17 13:14:38 request.php [GET_XML]: https://storage.mds.yandex.net/file-download-info/1676133_89eaf089.86081248.7.57925627/192?sign=f0bd2df34c836576d2730daf8b98342b23f89a67bd0afec0f2e952a9414b3def&ts=5d80b249 User: Night.Jaguar.Saint
2019-09-17 13:14:39 request.php [GET_XML]: https://storage.mds.yandex.net/file-download-info/1676133_89eaf089.86081248.5.57925627/g64he?sign=ac52ebd7222a13420e1997da1be9df1b1d4046dfcfb52ca71325a391dc70c956&ts=5d80b249 User: Night.Jaguar.Saint
2019-09-17 13:14:39 request.php [GET_XML]: https://storage.mds.yandex.net/file-download-info/1676133_89eaf089.86081248.8.57925627/g128?sign=15f706172284ccfd07de1815bdefa5f89a1bdf009195ce3e1e1c648649f26644&ts=5d80b249 User: Night.Jaguar.Saint
2019-09-17 13:14:48 request.php [GET]: https://api.music.yandex.net/account/status
2019-09-17 13:14:49 request.php [GET]: https://api.music.yandex.net/tracks/57925627:8751243/download-info User: Night.Jaguar.Saint
2019-09-17 13:14:49 request.php [GET_XML]: https://storage.mds.yandex.net/file-download-info/1676133_89eaf089.86081248.9.57925627/320?sign=cc9fff8cae1e4a5fd9aede40845010ce867bd730e5dc4f4f4fe080308943538a&ts=5d80b255 User: Night.Jaguar.Saint
2019-09-17 13:14:49 request.php [GET_XML]: https://storage.mds.yandex.net/file-download-info/1676133_89eaf089.86081248.1.57925627/2?sign=90c58da381345997c599fbf1ea446aeabce0a94f4256c441c85b40e812bcc5a6&ts=5d80b255 User: Night.Jaguar.Saint
2019-09-17 13:14:50 request.php [GET_XML]: https://storage.mds.yandex.net/file-download-info/1676133_89eaf089.86081248.5.57925627/g64he?sign=6afc84e84b6f1d9f6b5d1bad254a6379c0656d21081b216023c848fe5d746cf6&ts=5d80b255 User: Night.Jaguar.Saint
2019-09-17 13:14:50 request.php [GET_XML]: https://storage.mds.yandex.net/file-download-info/1676133_89eaf089.86081248.7.57925627/192?sign=89ae3f8a3fc8f92447d885ce85d2be74c6c41feb17f41fbad62b9c91590952ec&ts=5d80b255 User: Night.Jaguar.Saint
2019-09-17 13:14:50 request.php [GET_XML]: https://storage.mds.yandex.net/file-download-info/1676133_89eaf089.86081248.8.57925627/g128?sign=3d4d2515b3cf4fc46c5e0a232d1f07fe1d9b6ef2e0b9ef1066d4a673a0c37176&ts=5d80b255 User: Night.Jaguar.Saint
2019-09-17 13:16:38 request.php [GET]: https://api.music.yandex.net/account/status
2019-09-17 13:16:39 request.php [GET]: https://api.music.yandex.net/tracks/57925627:8751243/download-info User: Night.Jaguar.Saint
2019-09-17 13:16:40 request.php [GET_XML]: https://storage.mds.yandex.net/file-download-info/1676133_89eaf089.86081248.5.57925627/g64he?sign=352f587d89df40890023cf9d761988f8a4223090468ef7b70acb74795a1727fb&ts=5d80b2c4 User: Night.Jaguar.Saint
2019-09-17 13:16:40 request.php [GET_XML]: https://storage.mds.yandex.net/file-download-info/1676133_89eaf089.86081248.1.57925627/2?sign=b9918fa4ccf8092d437a29ae451910bc94637b9dbcafad5898d32eaea9ade8ad&ts=5d80b2c4 User: Night.Jaguar.Saint
2019-09-17 13:16:41 request.php [GET_XML]: https://storage.mds.yandex.net/file-download-info/1676133_89eaf089.86081248.7.57925627/192?sign=9c568dd76a95d75bd8a2573797535774c4d8342b6a14097f19ab852153cd68d9&ts=5d80b2c4 User: Night.Jaguar.Saint
2019-09-17 13:16:41 request.php [GET_XML]: https://storage.mds.yandex.net/file-download-info/1676133_89eaf089.86081248.8.57925627/g128?sign=e60a1655e9c8cb1cf053adb7910a1c0415cb18639919f8c936c01d6f6ad35f24&ts=5d80b2c4 User: Night.Jaguar.Saint
2019-09-17 13:16:41 request.php [GET_XML]: https://storage.mds.yandex.net/file-download-info/1676133_89eaf089.86081248.9.57925627/320?sign=4653f820c7a9e3ca225984036a2a670dda8a8a0bb5feffcc39805e6d2c7573b7&ts=5d80b2c4 User: Night.Jaguar.Saint
2019-09-17 13:17:01 request.php [GET]: https://api.music.yandex.net/account/status
2019-09-17 13:17:02 request.php [GET]: https://api.music.yandex.net/tracks/57925627:8751243/download-info User: Night.Jaguar.Saint
2019-09-17 13:17:02 request.php [GET_XML]: https://storage.mds.yandex.net/file-download-info/1676133_89eaf089.86081248.1.57925627/2?sign=68503a7e0622ece040d7a26b2e8701c9d1f3a175b701addf22e130825c719de8&ts=5d80b2da User: Night.Jaguar.Saint
2019-09-17 13:17:02 request.php [GET_XML]: https://storage.mds.yandex.net/file-download-info/1676133_89eaf089.86081248.9.57925627/320?sign=892b98fe3cc6f4889e032da4fcd1cf1748079b70b3d7b0fdccdeca1d15445881&ts=5d80b2da User: Night.Jaguar.Saint
2019-09-17 13:17:02 request.php [GET_XML]: https://storage.mds.yandex.net/file-download-info/1676133_89eaf089.86081248.8.57925627/g128?sign=040bba3aa11cdde5039895258f7dee5cc14dd27b9f4a2a8aa1da3e22c19dfb73&ts=5d80b2da User: Night.Jaguar.Saint
2019-09-17 13:17:03 request.php [GET_XML]: https://storage.mds.yandex.net/file-download-info/1676133_89eaf089.86081248.7.57925627/192?sign=3f4f83d61c0a619c78079fa1f3071a5b1d2a3ceb743d352628a7bfe8a78c1140&ts=5d80b2da User: Night.Jaguar.Saint
2019-09-17 13:17:03 request.php [GET_XML]: https://storage.mds.yandex.net/file-download-info/1676133_89eaf089.86081248.5.57925627/g64he?sign=a8ef35b6ac79c48de28cdcd3156c0fc66b669095df41b85a5fc85f0844addeb0&ts=5d80b2da User: Night.Jaguar.Saint
2019-09-17 13:17:23 request.php [GET]: https://api.music.yandex.net/account/status
2019-09-17 13:17:25 request.php [GET]: https://api.music.yandex.net/tracks/57925627:8751243/download-info User: Night.Jaguar.Saint
2019-09-17 13:17:25 request.php [GET_XML]: https://storage.mds.yandex.net/file-download-info/1676133_89eaf089.86081248.1.57925627/2?sign=1e89b58365174947a46f4ec8e06e50d51927ca6fc4b4777e67a850b79c906a1b&ts=5d80b2f1 User: Night.Jaguar.Saint
2019-09-17 13:17:26 request.php [GET_XML]: https://storage.mds.yandex.net/file-download-info/1676133_89eaf089.86081248.5.57925627/g64he?sign=339f090c9c44c67a8864820d870332ad31fad50a8b9769768de8e023131d3e5b&ts=5d80b2f1 User: Night.Jaguar.Saint
2019-09-17 13:17:26 request.php [GET_XML]: https://storage.mds.yandex.net/file-download-info/1676133_89eaf089.86081248.7.57925627/192?sign=9346ac8b8acf43f03b36efbd1c3dcdabdfadad6b366646a8310f9ff2c2e4d4bd&ts=5d80b2f1 User: Night.Jaguar.Saint
2019-09-17 13:17:26 request.php [GET_XML]: https://storage.mds.yandex.net/file-download-info/1676133_89eaf089.86081248.8.57925627/g128?sign=bddd2c251abe18ffeab329e08761c2ef10fe1f73fbd2c55c73349347e73ce57f&ts=5d80b2f1 User: Night.Jaguar.Saint
2019-09-17 13:17:27 request.php [GET_XML]: https://storage.mds.yandex.net/file-download-info/1676133_89eaf089.86081248.9.57925627/320?sign=c258b7e467d88ee3fda6f586866b10c4542a3bad1ced5f4b6d0eefd1b43c10d1&ts=5d80b2f1 User: Night.Jaguar.Saint
2019-09-17 13:18:15 request.php [GET]: https://api.music.yandex.net/account/status
2019-09-17 13:18:16 request.php [GET]: https://api.music.yandex.net/tracks/57925627:8751243/download-info User: Night.Jaguar.Saint
2019-09-17 13:18:16 request.php [GET_XML]: https://storage.mds.yandex.net/file-download-info/1676133_89eaf089.86081248.7.57925627/192?sign=fe85286e77e82e6a51c7e78bf83d91da83b88a17bf69047090c6537de80ac1f9&ts=5d80b324 User: Night.Jaguar.Saint
2019-09-17 13:18:16 request.php [GET_XML]: https://storage.mds.yandex.net/file-download-info/1676133_89eaf089.86081248.8.57925627/g128?sign=2887a073f0585af693db65c497b5af14f4a93a8dfec6df139ce92f903c941622&ts=5d80b324 User: Night.Jaguar.Saint
2019-09-17 13:18:17 request.php [GET_XML]: https://storage.mds.yandex.net/file-download-info/1676133_89eaf089.86081248.5.57925627/g64he?sign=419605aef6370150ecfa43493cabdc3f3b910b86b08a0a33aefb222d0b367610&ts=5d80b324 User: Night.Jaguar.Saint
2019-09-17 13:18:17 request.php [GET_XML]: https://storage.mds.yandex.net/file-download-info/1676133_89eaf089.86081248.9.57925627/320?sign=aad0c2a8a274d92b6ab9626f35b68f290d306275a62c582a9571e112d2aa6da4&ts=5d80b324 User: Night.Jaguar.Saint
2019-09-17 13:18:17 request.php [GET_XML]: https://storage.mds.yandex.net/file-download-info/1676133_89eaf089.86081248.1.57925627/2?sign=40657fba3ee71ea6cab580505f041725c40b1f804e2bb60062aa190adef989dd&ts=5d80b324 User: Night.Jaguar.Saint
2019-09-17 13:18:22 request.php [GET]: https://api.music.yandex.net/account/status
2019-09-17 13:18:22 request.php [GET]: https://api.music.yandex.net/tracks/57925627:8751243/download-info User: Night.Jaguar.Saint
2019-09-17 13:18:22 request.php [GET_XML]: https://storage.mds.yandex.net/file-download-info/1676133_89eaf089.86081248.1.57925627/2?sign=bff51305ecae4336e2196221365de67f76fce3230ee9ee2825d23697b8c5f834&ts=5d80b32a User: Night.Jaguar.Saint
2019-09-17 13:18:23 request.php [GET_XML]: https://storage.mds.yandex.net/file-download-info/1676133_89eaf089.86081248.9.57925627/320?sign=99cccb8cfc6273a54f3ff3e87135b58c219c439f44a228c51a4b9264ebae01c9&ts=5d80b32a User: Night.Jaguar.Saint
2019-09-17 13:18:23 request.php [GET_XML]: https://storage.mds.yandex.net/file-download-info/1676133_89eaf089.86081248.7.57925627/192?sign=0cd3ae0e20c9a6a07a30f4879d4dfd7f5974c9bd687fcbbc8b365df2dae362cb&ts=5d80b32a User: Night.Jaguar.Saint
2019-09-17 13:18:23 request.php [GET_XML]: https://storage.mds.yandex.net/file-download-info/1676133_89eaf089.86081248.5.57925627/g64he?sign=fbc64a1e168906ac3d7fea7cb8bcbcc3d378381e083af01ed2c1e0f6c2db4c47&ts=5d80b32a User: Night.Jaguar.Saint
2019-09-17 13:18:24 request.php [GET_XML]: https://storage.mds.yandex.net/file-download-info/1676133_89eaf089.86081248.8.57925627/g128?sign=cdac8537e8af0d6a1ba71bc11610376995e5b871b6e9fec9aba7c3197100827e&ts=5d80b32a User: Night.Jaguar.Saint
2019-09-17 13:18:43 request.php [GET]: https://api.music.yandex.net/account/status
2019-09-17 13:18:44 request.php [GET]: https://api.music.yandex.net/tracks/57925627:8751243/download-info User: Night.Jaguar.Saint
2019-09-17 13:18:44 request.php [GET_XML]: https://storage.mds.yandex.net/file-download-info/1676133_89eaf089.86081248.8.57925627/g128?sign=6cd007af154d67f5a93304638319a2fa35bddd201bb015c34cd95b9bda8204d5&ts=5d80b340 User: Night.Jaguar.Saint
2019-09-17 13:18:45 request.php [GET_XML]: https://storage.mds.yandex.net/file-download-info/1676133_89eaf089.86081248.7.57925627/192?sign=885ec130cdbd14488f0509f88436d4e38f197dac290392f0c4ebdbd8be5b1671&ts=5d80b340 User: Night.Jaguar.Saint
2019-09-17 13:18:45 request.php [GET_XML]: https://storage.mds.yandex.net/file-download-info/1676133_89eaf089.86081248.9.57925627/320?sign=dd1940a92bdff8c508c1658af006964894bea44dbc75fc77f77f9e89b02acfd5&ts=5d80b340 User: Night.Jaguar.Saint
2019-09-17 13:18:45 request.php [GET_XML]: https://storage.mds.yandex.net/file-download-info/1676133_89eaf089.86081248.1.57925627/2?sign=67c4f224f522253dc5c23086dee543c2080fbcc69ac75518727e00c74701c584&ts=5d80b340 User: Night.Jaguar.Saint
2019-09-17 13:18:46 request.php [GET_XML]: https://storage.mds.yandex.net/file-download-info/1676133_89eaf089.86081248.5.57925627/g64he?sign=95f686bec1fafdec4fe054b3ecdd287878b09a8bfa254e1449d563409f0ebcf5&ts=5d80b340 User: Night.Jaguar.Saint
2019-09-17 13:18:55 request.php [GET]: https://api.music.yandex.net/account/status
2019-09-17 13:18:56 request.php [GET]: https://api.music.yandex.net/tracks/57925627:8751243/download-info User: Night.Jaguar.Saint
2019-09-17 13:18:56 request.php [GET_XML]: https://storage.mds.yandex.net/file-download-info/1676133_89eaf089.86081248.1.57925627/2?sign=08c5e405f7a06757327fca4f256fe7b7d66a4b6fd06854c142faa01fff5ad2c1&ts=5d80b34c User: Night.Jaguar.Saint
2019-09-17 13:18:57 request.php [GET_XML]: https://storage.mds.yandex.net/file-download-info/1676133_89eaf089.86081248.9.57925627/320?sign=3932cf92cfeceea00f41fd23878df5fb54ec3cf10fc96cb114eda67a2bb24e49&ts=5d80b34c User: Night.Jaguar.Saint
2019-09-17 13:18:57 request.php [GET_XML]: https://storage.mds.yandex.net/file-download-info/1676133_89eaf089.86081248.8.57925627/g128?sign=856137828379eb94e9a3f20ead30b43fd54b8bbecf58eb3d0fd4fe3199477e10&ts=5d80b34c User: Night.Jaguar.Saint
2019-09-17 13:18:57 request.php [GET_XML]: https://storage.mds.yandex.net/file-download-info/1676133_89eaf089.86081248.7.57925627/192?sign=c410421f081cdc913a75920172659a89dd52a72cf48140e237fd1de0455b2a1d&ts=5d80b34c User: Night.Jaguar.Saint
2019-09-17 13:18:58 request.php [GET_XML]: https://storage.mds.yandex.net/file-download-info/1676133_89eaf089.86081248.5.57925627/g64he?sign=b22e6c6a925785a9638e8c4c8516e7cd401bc8839a2e0201e2b7095d29725d69&ts=5d80b34c User: Night.Jaguar.Saint
2019-09-17 13:21:56 request.php [GET]: https://api.music.yandex.net/account/status
2019-09-17 13:21:59 request.php [GET]: https://api.music.yandex.net/tracks/57925627:8751243/download-info User: Night.Jaguar.Saint
2019-09-17 13:21:59 request.php [GET_XML]: https://storage.mds.yandex.net/file-download-info/1676133_89eaf089.86081248.8.57925627/g128?sign=548e1f733ab20f64ecbf9973071c279022aefe21be1f675814d9212c631712c5&ts=5d80b403 User: Night.Jaguar.Saint
2019-09-17 13:22:00 request.php [GET_XML]: https://storage.mds.yandex.net/file-download-info/1676133_89eaf089.86081248.7.57925627/192?sign=c5d3f82d100f6e26d2fbc99eb26ac8c9b9def651e4ff36ffd62dceba9592108d&ts=5d80b403 User: Night.Jaguar.Saint
2019-09-17 13:22:00 request.php [GET_XML]: https://storage.mds.yandex.net/file-download-info/1676133_89eaf089.86081248.9.57925627/320?sign=c28724e60fff864fc7f8ff07359b508344503312c11e65dae91c50c0ee81495e&ts=5d80b403 User: Night.Jaguar.Saint
2019-09-17 13:22:01 request.php [GET_XML]: https://storage.mds.yandex.net/file-download-info/1676133_89eaf089.86081248.1.57925627/2?sign=a48bb71350bdac63fc8274c74894b18ae4166f65c35c668ae23f733d7deba497&ts=5d80b403 User: Night.Jaguar.Saint
2019-09-17 13:22:01 request.php [GET_XML]: https://storage.mds.yandex.net/file-download-info/1676133_89eaf089.86081248.5.57925627/g64he?sign=fdec2515b928d1f46da9641da655c24b43a0f71b198b5f26e6e1acadce11baf6&ts=5d80b403 User: Night.Jaguar.Saint
2019-09-17 13:22:43 request.php [GET]: https://api.music.yandex.net/account/status
2019-09-17 13:22:46 request.php [GET]: https://api.music.yandex.net/tracks/57925627:8751243/download-info User: Night.Jaguar.Saint
2019-09-17 13:22:47 request.php [GET_XML]: https://storage.mds.yandex.net/file-download-info/1676133_89eaf089.86081248.9.57925627/320?sign=301775c51c8b71fe58256b33e1792fa92cdcdbd36b404b157ff6ad0b04902ffc&ts=5d80b433 User: Night.Jaguar.Saint
2019-09-17 13:22:47 request.php [GET_XML]: https://storage.mds.yandex.net/file-download-info/1676133_89eaf089.86081248.1.57925627/2?sign=39161725b6d41c37d023106291b8a235dc6ee854ce730015d363be416797c046&ts=5d80b433 User: Night.Jaguar.Saint
2019-09-17 13:22:47 request.php [GET_XML]: https://storage.mds.yandex.net/file-download-info/1676133_89eaf089.86081248.5.57925627/g64he?sign=a0b2379d4f88f804672558b7d4050cd6dbb1ff3453a1e73c3ec2a07dcf997851&ts=5d80b433 User: Night.Jaguar.Saint
2019-09-17 13:22:48 request.php [GET_XML]: https://storage.mds.yandex.net/file-download-info/1676133_89eaf089.86081248.7.57925627/192?sign=8055dbb267628585518ac190687030e286a8cb2738b2401ea13324b29a262009&ts=5d80b433 User: Night.Jaguar.Saint
2019-09-17 13:22:48 request.php [GET_XML]: https://storage.mds.yandex.net/file-download-info/1676133_89eaf089.86081248.8.57925627/g128?sign=9b72d470d5ce2edc33b7d133d2bc215e71e9cf0e7fc2e1199b0c767178cb3801&ts=5d80b433 User: Night.Jaguar.Saint
2019-09-17 13:23:51 request.php [GET]: https://api.music.yandex.net/account/status
2019-09-17 13:23:52 request.php [GET]: https://api.music.yandex.net/tracks/57925627:8751243/download-info User: Night.Jaguar.Saint
2019-09-17 13:23:52 request.php [GET_XML]: https://storage.mds.yandex.net/file-download-info/1676133_89eaf089.86081248.5.57925627/g64he?sign=0c4d8e4176eff349c4e14af0b8da934877c74e1135470bffd4a6e6e2a3e0fc57&ts=5d80b474 User: Night.Jaguar.Saint
2019-09-17 13:23:53 request.php [GET_XML]: https://storage.mds.yandex.net/file-download-info/1676133_89eaf089.86081248.8.57925627/g128?sign=508759ce758604d1beddc43748fc023bc39e9b8dfcfa44eeb2cb49ca1dd5f866&ts=5d80b474 User: Night.Jaguar.Saint
2019-09-17 13:23:53 request.php [GET_XML]: https://storage.mds.yandex.net/file-download-info/1676133_89eaf089.86081248.9.57925627/320?sign=63588b83a0de6cc2521c63c4de370bfe5623f259aa228aaafe0f302c6ff55a2f&ts=5d80b474 User: Night.Jaguar.Saint
2019-09-17 13:23:53 request.php [GET_XML]: https://storage.mds.yandex.net/file-download-info/1676133_89eaf089.86081248.1.57925627/2?sign=35551e162c790f38c43b287cf40ecdab0c2ff1672146c9e477e106dd476e2a23&ts=5d80b474 User: Night.Jaguar.Saint
2019-09-17 13:23:54 request.php [GET_XML]: https://storage.mds.yandex.net/file-download-info/1676133_89eaf089.86081248.7.57925627/192?sign=e0f2627590823ceaa4fbc184db484dc3e2fc4946e611751059a8881e67f79bf9&ts=5d80b474 User: Night.Jaguar.Saint
2019-09-17 13:26:29 request.php [GET]: https://api.music.yandex.net/account/status
2019-09-17 13:26:30 request.php [GET]: https://api.music.yandex.net/tracks/57925627:8751243/download-info User: Night.Jaguar.Saint
2019-09-17 13:26:30 request.php [GET_XML]: https://storage.mds.yandex.net/file-download-info/1676133_89eaf089.86081248.7.57925627/192?sign=2d3ac7715831623dec88c94addd2d1924dad5034489cc9d97d9fa89b84dc8dab&ts=5d80b512 User: Night.Jaguar.Saint
2019-09-17 13:26:31 request.php [GET_XML]: https://storage.mds.yandex.net/file-download-info/1676133_89eaf089.86081248.8.57925627/g128?sign=04ccd6f8de99e691d5377bd2db421de2d14306988ffb8930ee76b7b1858cf9ce&ts=5d80b512 User: Night.Jaguar.Saint
2019-09-17 13:26:31 request.php [GET_XML]: https://storage.mds.yandex.net/file-download-info/1676133_89eaf089.86081248.5.57925627/g64he?sign=671c93443440ed6eaf61dc1bf2ad1e04760642696866e896bf3de3b2edcb9831&ts=5d80b512 User: Night.Jaguar.Saint
2019-09-17 13:26:31 request.php [GET_XML]: https://storage.mds.yandex.net/file-download-info/1676133_89eaf089.86081248.9.57925627/320?sign=f8f805918fa92f8f85532de4dc7067ab8336524b718d0c430f88e42e3ec982d1&ts=5d80b512 User: Night.Jaguar.Saint
2019-09-17 13:26:32 request.php [GET_XML]: https://storage.mds.yandex.net/file-download-info/1676133_89eaf089.86081248.1.57925627/2?sign=4c7788dd27d79ceb628bd087913a65363bbd8c92f6e81944a7a26d428d9772e0&ts=5d80b512 User: Night.Jaguar.Saint
2019-09-17 13:29:39 request.php [GET]: https://api.music.yandex.net/account/status
2019-09-17 13:29:42 request.php [GET]: https://api.music.yandex.net/tracks/57925627:8751243/download-info User: Night.Jaguar.Saint
2019-09-17 13:29:42 request.php [GET_XML]: https://storage.mds.yandex.net/file-download-info/1676133_89eaf089.86081248.9.57925627/320?sign=f52db60e2a7ef5b89e32c60c24af35eb7ab1a78a1651ca6d2b3da691dbd7f5b2&ts=5d80b5d2 User: Night.Jaguar.Saint
2019-09-17 13:29:42 request.php [GET_XML]: https://storage.mds.yandex.net/file-download-info/1676133_89eaf089.86081248.7.57925627/192?sign=a3a6d28ebfb2780bb472e7e89c918a797ce1d803384fd5902732e68f2dcab679&ts=5d80b5d2 User: Night.Jaguar.Saint
2019-09-17 13:29:43 request.php [GET_XML]: https://storage.mds.yandex.net/file-download-info/1676133_89eaf089.86081248.1.57925627/2?sign=9bc5bac8128ae8a05899f8fc99814590f00ccda4da5472d46e04774c3d2f0a34&ts=5d80b5d2 User: Night.Jaguar.Saint
2019-09-17 13:29:43 request.php [GET_XML]: https://storage.mds.yandex.net/file-download-info/1676133_89eaf089.86081248.5.57925627/g64he?sign=9880d16b2f54b5f64ee680735d4199864a6f5ba27db9078b8f639f9961d6923e&ts=5d80b5d2 User: Night.Jaguar.Saint
2019-09-17 13:29:43 request.php [GET_XML]: https://storage.mds.yandex.net/file-download-info/1676133_89eaf089.86081248.8.57925627/g128?sign=c2803d25134406c55f155009c1410147bf26704c33d833f05d06b669d4a33641&ts=5d80b5d2 User: Night.Jaguar.Saint
2019-09-17 13:32:56 request.php [GET]: https://api.music.yandex.net/account/status
2019-09-17 13:32:56 request.php [GET]: https://api.music.yandex.net/tracks/57925627:8751243/download-info User: Night.Jaguar.Saint
2019-09-17 13:32:56 request.php [GET_XML]: https://storage.mds.yandex.net/file-download-info/1676133_89eaf089.86081248.8.57925627/g128?sign=607573ca1d465747f49a6ef124478f81d455f60bd69374c1c53c0f57be9ee8c0&ts=5d80b694 User: Night.Jaguar.Saint
2019-09-17 13:32:57 request.php [GET_XML]: https://storage.mds.yandex.net/file-download-info/1676133_89eaf089.86081248.7.57925627/192?sign=5f388f583f3d30f2c6eb6cde71282c0edd87d5d1c7393a6edfc4d6c8ede7571b&ts=5d80b694 User: Night.Jaguar.Saint
2019-09-17 13:32:57 request.php [GET_XML]: https://storage.mds.yandex.net/file-download-info/1676133_89eaf089.86081248.1.57925627/2?sign=dd3ec7974b13e4378f0e41bc3cb1f6bf4cf7b6ab8da71a90680b46eb2b3dbb3f&ts=5d80b694 User: Night.Jaguar.Saint
2019-09-17 13:32:57 request.php [GET_XML]: https://storage.mds.yandex.net/file-download-info/1676133_89eaf089.86081248.9.57925627/320?sign=bf9730200c8bc38f58cc15d8df71cc2af623330237b854c532e3aff0488d1976&ts=5d80b694 User: Night.Jaguar.Saint
2019-09-17 13:32:58 request.php [GET_XML]: https://storage.mds.yandex.net/file-download-info/1676133_89eaf089.86081248.5.57925627/g64he?sign=5e96159e30fa3f9e9233386bcadb0d2e7c5a0966d5cf6e41806712089a811491&ts=5d80b694 User: Night.Jaguar.Saint
2019-09-17 13:36:55 request.php [GET]: https://api.music.yandex.net/account/status
2019-09-17 13:36:56 request.php [GET]: https://api.music.yandex.net/tracks/57925627:8751243/download-info User: Night.Jaguar.Saint
2019-09-17 13:36:56 request.php [GET]: https://storage.mds.yandex.net/file-download-info/1676133_89eaf089.86081248.1.57925627/2?sign=68f3ee4db5da6d56cb70248c562ec2728f9d0c483e6fafffbf89ab947e2dde80&ts=5d80b784&format=json User: Night.Jaguar.Saint
2019-09-17 13:37:37 request.php [GET]: https://api.music.yandex.net/account/status
2019-09-17 13:37:37 request.php [GET]: https://api.music.yandex.net/tracks/57925627:8751243/download-info User: Night.Jaguar.Saint
2019-09-17 13:37:37 request.php [GET]: https://storage.mds.yandex.net/file-download-info/1676133_89eaf089.86081248.9.57925627/320?sign=2405f5aee8b338c687255c650874692168c40c9f57293de9a6259940ee078ace&ts=5d80b7ad&format=json User: Night.Jaguar.Saint
2019-09-17 13:37:53 request.php [GET]: https://api.music.yandex.net/account/status
2019-09-17 13:37:54 request.php [GET]: https://api.music.yandex.net/tracks/57925627:8751243/download-info User: Night.Jaguar.Saint
2019-09-17 13:37:54 request.php [GET]: https://storage.mds.yandex.net/file-download-info/1676133_89eaf089.86081248.1.57925627/2?sign=4e4fe01db439e6e46c3f40b06633a50260fb877dabce3a46785342f05e3946d7&ts=5d80b7be&format=json User: Night.Jaguar.Saint
2019-09-17 13:37:57 request.php [GET]: https://storage.mds.yandex.net/file-download-info/1676133_89eaf089.86081248.9.57925627/320?sign=956cb3c90d96877374abe66c0a8ff8ab2df08db06f4d19447bc2645820db86c8&ts=5d80b784&format=json User: Night.Jaguar.Saint
2019-09-17 13:37:57 request.php [GET]: https://storage.mds.yandex.net/file-download-info/1676133_89eaf089.86081248.8.57925627/g128?sign=4d95a50985700759802aaf4ccfbefd0c3b5e73ee51a1dacdbd55950f8fb2faac&ts=5d80b784&format=json User: Night.Jaguar.Saint
2019-09-17 13:37:57 request.php [GET]: https://storage.mds.yandex.net/file-download-info/1676133_89eaf089.86081248.7.57925627/192?sign=15a5e8fca71984398226615e65217ff5fc1006d738d63d658ac925db1d7ae2af&ts=5d80b784&format=json User: Night.Jaguar.Saint
2019-09-17 13:37:58 request.php [GET]: https://storage.mds.yandex.net/file-download-info/1676133_89eaf089.86081248.5.57925627/g64he?sign=fc842790b99516af7c55e8ba4b320eec6941fe6b88d3264c7e5513de14101e72&ts=5d80b784&format=json User: Night.Jaguar.Saint
2019-09-17 13:38:16 request.php [GET]: https://api.music.yandex.net/account/status
2019-09-17 13:38:16 request.php [GET]: https://api.music.yandex.net/tracks/57925627:8751243/download-info User: Night.Jaguar.Saint
2019-09-17 13:38:24 request.php [GET]: https://api.music.yandex.net/account/status
2019-09-17 13:38:24 request.php [GET]: https://api.music.yandex.net/tracks/57925627:8751243/download-info User: Night.Jaguar.Saint
2019-09-17 13:38:25 request.php [GET]: https://storage.mds.yandex.net/file-download-info/1676133_89eaf089.86081248.1.57925627/2?sign=86d07dd7b7bcfbf2dcb3187d7544d443ccaae829f7f368630fe561299dccfb50&ts=5d80b7dc&format=json User: Night.Jaguar.Saint
2019-09-17 13:38:38 request.php [GET]: https://storage.mds.yandex.net/file-download-info/1676133_89eaf089.86081248.1.57925627/2?sign=c2780861f5471ba77a349fd4f4e8b9e5ece1905b52e7d7b9cfbb01c57c3f9b84&ts=5d80b7ad&format=json User: Night.Jaguar.Saint
2019-09-17 13:38:39 request.php [GET]: https://storage.mds.yandex.net/file-download-info/1676133_89eaf089.86081248.5.57925627/g64he?sign=3067d614d5b9cf69192f9cf60b889f5f80c02357bef9401d8e02f8736fb20056&ts=5d80b7ad&format=json User: Night.Jaguar.Saint
2019-09-17 13:38:41 request.php [GET]: https://storage.mds.yandex.net/file-download-info/1676133_89eaf089.86081248.7.57925627/192?sign=0145e9ebc297c9ff411677f30d89b7dcac773e1255ad6ef1c09f434dcacca2b4&ts=5d80b7ad&format=json User: Night.Jaguar.Saint
2019-09-17 13:38:43 request.php [GET]: https://storage.mds.yandex.net/file-download-info/1676133_89eaf089.86081248.8.57925627/g128?sign=848be0490cb1a5655719b26224a3873e7d39c55075d0b2f581c82a0c5fcd771d&ts=5d80b7ad&format=json User: Night.Jaguar.Saint
2019-09-17 13:38:54 request.php [GET]: https://storage.mds.yandex.net/file-download-info/1676133_89eaf089.86081248.8.57925627/g128?sign=97921b8d8680e50ccef635d70ca4cb22e27fe1da61868c6ee30e507ac7ee7ef1&ts=5d80b7be&format=json User: Night.Jaguar.Saint
2019-09-17 13:38:55 request.php [GET]: https://storage.mds.yandex.net/file-download-info/1676133_89eaf089.86081248.5.57925627/g64he?sign=b39c9aec8fa27cd1b28805abd6b28f79e58d9d4c07765f16d6ccc1794ff2033b&ts=5d80b7be&format=json User: Night.Jaguar.Saint
2019-09-17 13:38:55 request.php [GET]: https://storage.mds.yandex.net/file-download-info/1676133_89eaf089.86081248.9.57925627/320?sign=ecd6b6d08f567f4cbcdc4c85ce6026267b8ef8f2e4bbc1e72499db8894693354&ts=5d80b7be&format=json User: Night.Jaguar.Saint
2019-09-17 13:38:55 request.php [GET]: https://storage.mds.yandex.net/file-download-info/1676133_89eaf089.86081248.7.57925627/192?sign=ab2f4b8dc601c401fb381cc091a4058ef5f144e97f06051b0ad4c760c1d15c2b&ts=5d80b7be&format=json User: Night.Jaguar.Saint
2019-09-17 13:38:58 request.php [GET]: https://api.music.yandex.net/account/status
2019-09-17 13:38:59 request.php [GET]: https://api.music.yandex.net/tracks/57925627:8751243/download-info User: Night.Jaguar.Saint
2019-09-17 13:38:59 request.php [GET_XML]: https://storage.mds.yandex.net/file-download-info/1676133_89eaf089.86081248.8.57925627/g128?sign=267d7a320302265b9e6d072a7723fdd3000ec30ea1c18206846a9ebd41f55f17&ts=5d80b7ff User: Night.Jaguar.Saint
2019-09-17 13:38:59 request.php [GET_XML]: https://storage.mds.yandex.net/file-download-info/1676133_89eaf089.86081248.5.57925627/g64he?sign=3f38ed5228e9390fae7a35951ebd2fdfe1b09bf7a231297e306ee9e829b2ed7f&ts=5d80b7ff User: Night.Jaguar.Saint
2019-09-17 13:39:00 request.php [GET_XML]: https://storage.mds.yandex.net/file-download-info/1676133_89eaf089.86081248.1.57925627/2?sign=fd892b01d6f88eb1e7e46a231ec8ea9ecc091a8e925a4071cfd18718014c810d&ts=5d80b7ff User: Night.Jaguar.Saint
2019-09-17 13:39:01 request.php [GET_XML]: https://storage.mds.yandex.net/file-download-info/1676133_89eaf089.86081248.9.57925627/320?sign=ff3c1d87150d9bd3243e618ff5d21c3c700ab10211c1fefc55e843dd8863c58e&ts=5d80b7ff User: Night.Jaguar.Saint
2019-09-17 13:39:01 request.php [GET_XML]: https://storage.mds.yandex.net/file-download-info/1676133_89eaf089.86081248.7.57925627/192?sign=073d74c3e312b0b077f470a133e8799b638d271f75c5e26aa7ecd45d09d3e945&ts=5d80b7ff User: Night.Jaguar.Saint
2019-09-17 13:39:25 request.php [GET]: https://storage.mds.yandex.net/file-download-info/1676133_89eaf089.86081248.7.57925627/192?sign=2faae178674fd349d74eee154fc5db1f34c90246b5e6ee4c2e3a39be2be227ed&ts=5d80b7dc&format=json User: Night.Jaguar.Saint
2019-09-17 13:39:25 request.php [GET]: https://storage.mds.yandex.net/file-download-info/1676133_89eaf089.86081248.8.57925627/g128?sign=3d40d6cc0139aa8aca7a34fd85417024fea24870266ac82288755c8f061c820f&ts=5d80b7dc&format=json User: Night.Jaguar.Saint
2019-09-17 13:39:26 request.php [GET]: https://storage.mds.yandex.net/file-download-info/1676133_89eaf089.86081248.9.57925627/320?sign=b5d3c6e5a52e0bdef2d242ce15a4f9c96addab2212bbf0d6d9440125b57fffbd&ts=5d80b7dc&format=json User: Night.Jaguar.Saint
2019-09-17 13:39:27 request.php [GET]: https://storage.mds.yandex.net/file-download-info/1676133_89eaf089.86081248.5.57925627/g64he?sign=5e85752f9fbb6ca8308e778301f0c8d253ad5614e60e05e23cc5a3c6d3e4dade&ts=5d80b7dc&format=json User: Night.Jaguar.Saint
2019-09-17 13:39:53 request.php [GET]: https://api.music.yandex.net/account/status
2019-09-17 13:39:57 request.php [GET]: https://api.music.yandex.net/tracks/57925627:8751243/download-info User: Night.Jaguar.Saint
2019-09-17 13:39:57 request.php [GET_XML]: https://storage.mds.yandex.net/file-download-info/1676133_89eaf089.86081248.8.57925627/g128?sign=78c4d6406eec3e65b608a29f1e105e8fe50f3f4c8bac14cdb29c95eaac385ccd&ts=5d80b839 User: Night.Jaguar.Saint
2019-09-17 13:39:57 request.php [GET_XML]: https://storage.mds.yandex.net/file-download-info/1676133_89eaf089.86081248.1.57925627/2?sign=6e953e35e0379254bbb66a6189d0d93753b154a00b579733e38141dbaee2ce92&ts=5d80b839 User: Night.Jaguar.Saint
2019-09-17 13:39:58 request.php [GET_XML]: https://storage.mds.yandex.net/file-download-info/1676133_89eaf089.86081248.7.57925627/192?sign=1899cf94896a9f8cbc3dd5c6e30978d0bc60cdf4d02d8b4cb2dfc676e3ce10ee&ts=5d80b839 User: Night.Jaguar.Saint
2019-09-17 13:39:59 request.php [GET_XML]: https://storage.mds.yandex.net/file-download-info/1676133_89eaf089.86081248.5.57925627/g64he?sign=b6c3e11f6efeb317df4649255280d154389cba338fc9285f517c26b2405a8145&ts=5d80b839 User: Night.Jaguar.Saint
2019-09-17 13:39:59 request.php [GET_XML]: https://storage.mds.yandex.net/file-download-info/1676133_89eaf089.86081248.9.57925627/320?sign=f3374d3ff92acc0120626f1a8af873e83e0750dd9f3e4827a2777f0423d12ecf&ts=5d80b839 User: Night.Jaguar.Saint
2019-09-17 14:51:31 request.php [GET]: https://api.music.yandex.net/account/status
2019-09-17 14:51:31 request.php [GET]: https://api.music.yandex.net/tracks/57925627:8751243/download-info User: Night.Jaguar.Saint
2019-09-17 14:51:32 request.php [GET_XML]: https://storage.mds.yandex.net/file-download-info/1676133_89eaf089.86081248.1.57925627/2?sign=bae5e5cee62602bbe0fac3a9775588fcf4868339475311e82ad49d1705ceb268&ts=5d80c900 User: Night.Jaguar.Saint
2019-09-17 14:51:32 request.php [GET_XML]: https://storage.mds.yandex.net/file-download-info/1676133_89eaf089.86081248.5.57925627/g64he?sign=0daf13c2f7e19dbb303fda8425c9174aaf8dc16a64144601b22a47c98f016653&ts=5d80c900 User: Night.Jaguar.Saint
2019-09-17 14:51:32 request.php [GET_XML]: https://storage.mds.yandex.net/file-download-info/1676133_89eaf089.86081248.7.57925627/192?sign=42cbdf8c36e261b79f48b135a3065d117f6c4aaee37e253e6be97801c849cf49&ts=5d80c900 User: Night.Jaguar.Saint
2019-09-17 14:51:33 request.php [GET_XML]: https://storage.mds.yandex.net/file-download-info/1676133_89eaf089.86081248.8.57925627/g128?sign=16767a17ad9d0ac04c0951cde33eda486242a6d0f8cc2820798503b617337710&ts=5d80c900 User: Night.Jaguar.Saint
2019-09-17 14:51:33 request.php [GET_XML]: https://storage.mds.yandex.net/file-download-info/1676133_89eaf089.86081248.9.57925627/320?sign=edf0b01f2d4fd55451bd057b097ea8addbf97db48bea48f79d61b13f72bc4a0f&ts=5d80c900 User: Night.Jaguar.Saint
2019-09-17 14:52:57 request.php [GET]: https://api.music.yandex.net/account/status
2019-09-17 14:52:58 request.php [GET]: https://api.music.yandex.net/tracks/57925627:8751243/download-info User: Night.Jaguar.Saint
2019-09-17 14:52:58 request.php [GET_XML]: https://storage.mds.yandex.net/file-download-info/1676133_89eaf089.86081248.5.57925627/g64he?sign=cf8eef3f2ad6d762f91784073019538edcfd38e55bea1760f20eed7029f9cee8&ts=5d80c956 User: Night.Jaguar.Saint
2019-09-17 14:52:59 request.php [GET_XML]: https://storage.mds.yandex.net/file-download-info/1676133_89eaf089.86081248.7.57925627/192?sign=e1bf22b57c8a392baed9cbcd6d4a571b900b971a6b5da62bc6c5c1cf973511bb&ts=5d80c956 User: Night.Jaguar.Saint
2019-09-17 14:52:59 request.php [GET_XML]: https://storage.mds.yandex.net/file-download-info/1676133_89eaf089.86081248.1.57925627/2?sign=3b369b8487eb6cba6765799bbbf508925e86998cedd4f782fb1a6c6a5d6350d8&ts=5d80c956 User: Night.Jaguar.Saint
2019-09-17 14:52:59 request.php [GET_XML]: https://storage.mds.yandex.net/file-download-info/1676133_89eaf089.86081248.8.57925627/g128?sign=3824890ac94d6c9e52c847fad579b74e0d8bab731d270a323edbb99fda3a1684&ts=5d80c956 User: Night.Jaguar.Saint
2019-09-17 14:53:00 request.php [GET_XML]: https://storage.mds.yandex.net/file-download-info/1676133_89eaf089.86081248.9.57925627/320?sign=f2eaebc15522cf739d115f4712ea900fd435dfaa739333763649c23837b3c626&ts=5d80c956 User: Night.Jaguar.Saint
2019-09-17 14:53:27 request.php [GET]: https://api.music.yandex.net/account/status
2019-09-17 14:53:27 request.php [GET]: https://api.music.yandex.net/tracks/57925627:8751243/download-info User: Night.Jaguar.Saint
2019-09-17 14:53:28 request.php [GET_XML]: https://storage.mds.yandex.net/file-download-info/1676133_89eaf089.86081248.5.57925627/g64he?sign=dc333240c10aa1e8c6f4914a56d7e6cff36510a22cf6ec091e129b00556e04ea&ts=5d80c974 User: Night.Jaguar.Saint
2019-09-17 14:53:28 request.php [GET_XML]: https://storage.mds.yandex.net/file-download-info/1676133_89eaf089.86081248.7.57925627/192?sign=51ddcb3b3ded4b618498564fe7d01986df5bf1afe0694107ef820f6ec74fca8d&ts=5d80c974 User: Night.Jaguar.Saint
2019-09-17 14:53:28 request.php [GET_XML]: https://storage.mds.yandex.net/file-download-info/1676133_89eaf089.86081248.1.57925627/2?sign=0b2251f4fd913cb007f53e5d1f3c8bb86e576e013f05fef3d66704f7155c70ab&ts=5d80c974 User: Night.Jaguar.Saint
2019-09-17 14:53:30 request.php [GET_XML]: https://storage.mds.yandex.net/file-download-info/1676133_89eaf089.86081248.8.57925627/g128?sign=5b32b4b8fb65bac853dcac1020daf493badc3c8c73cb3ed5bab49b13d7fcb27f&ts=5d80c974 User: Night.Jaguar.Saint
2019-09-17 14:53:31 request.php [GET_XML]: https://storage.mds.yandex.net/file-download-info/1676133_89eaf089.86081248.9.57925627/320?sign=706612ef6510191eb07f2d974e81f161cf04609f436d5ff430169e0163336666&ts=5d80c974 User: Night.Jaguar.Saint
2019-09-17 14:54:02 request.php [GET]: https://api.music.yandex.net/account/status
2019-09-17 14:54:03 request.php [GET]: https://api.music.yandex.net/tracks/57925627:8751243/download-info User: Night.Jaguar.Saint
2019-09-17 14:54:03 request.php [GET_XML]: https://storage.mds.yandex.net/file-download-info/1676133_89eaf089.86081248.1.57925627/2?sign=b876376c736bb72eb105ef0cad830b37d6bc181d1be8f5192c1f0387b1569877&ts=5d80c997 User: Night.Jaguar.Saint
2019-09-17 14:54:03 request.php [GET_XML]: https://storage.mds.yandex.net/file-download-info/1676133_89eaf089.86081248.9.57925627/320?sign=30b353e7ddd2eb2d83c8733ae956e51906b83690dcac63bf6a13e2268875c19a&ts=5d80c997 User: Night.Jaguar.Saint
2019-09-17 14:54:04 request.php [GET_XML]: https://storage.mds.yandex.net/file-download-info/1676133_89eaf089.86081248.8.57925627/g128?sign=af9ae317e63d2e2f1795edda22af150f6cd6cec57a182d5e7a1b6bd05b2b3344&ts=5d80c997 User: Night.Jaguar.Saint
2019-09-17 14:54:04 request.php [GET_XML]: https://storage.mds.yandex.net/file-download-info/1676133_89eaf089.86081248.7.57925627/192?sign=f0f1250da48f01da9503250aba22a56bb59d50171aa746e42f65ddcb465b16b8&ts=5d80c997 User: Night.Jaguar.Saint
2019-09-17 14:54:04 request.php [GET_XML]: https://storage.mds.yandex.net/file-download-info/1676133_89eaf089.86081248.5.57925627/g64he?sign=a65d82f1cfbd30f626b9ebfae008cff4ad8e1dc1c5b30489a0f6a2b602c796ab&ts=5d80c997 User: Night.Jaguar.Saint
2019-09-17 14:54:08 request.php [GET]: https://api.music.yandex.net/account/status
2019-09-17 14:54:09 request.php [GET]: https://api.music.yandex.net/tracks/57925627:8751243/download-info User: Night.Jaguar.Saint
2019-09-17 14:54:10 request.php [GET_XML]: https://storage.mds.yandex.net/file-download-info/1676133_89eaf089.86081248.5.57925627/g64he?sign=f8bb839e4caec026468cf6e837609e12fa58a5c55e65f0f761c0d47ce38db771&ts=5d80c99e User: Night.Jaguar.Saint
2019-09-17 14:54:10 request.php [GET_XML]: https://storage.mds.yandex.net/file-download-info/1676133_89eaf089.86081248.8.57925627/g128?sign=c766f784d5a3301a3e457aaafe9060ddf40e64369dacc57d6d615f694531c651&ts=5d80c99e User: Night.Jaguar.Saint
2019-09-17 14:54:10 request.php [GET_XML]: https://storage.mds.yandex.net/file-download-info/1676133_89eaf089.86081248.9.57925627/320?sign=727c557061bbc3160191878ed636d4cbe63308594331c8da2992374b1161eaae&ts=5d80c99e User: Night.Jaguar.Saint
2019-09-17 14:54:11 request.php [GET_XML]: https://storage.mds.yandex.net/file-download-info/1676133_89eaf089.86081248.1.57925627/2?sign=7065c0f84b0b2e14fd2d6cecd5a591f9845a64ea9272aaaf7c3f5eca2ab57212&ts=5d80c99e User: Night.Jaguar.Saint
2019-09-17 14:54:11 request.php [GET_XML]: https://storage.mds.yandex.net/file-download-info/1676133_89eaf089.86081248.7.57925627/192?sign=bae4ad5a889c745ea80f9d5ad8212f0af36c765f66a716171771dadb938438c2&ts=5d80c99e User: Night.Jaguar.Saint
2019-09-17 14:55:36 request.php [GET]: https://api.music.yandex.net/account/status
2019-09-17 14:55:37 request.php [GET]: https://api.music.yandex.net/tracks/57925627:8751243/download-info User: Night.Jaguar.Saint
2019-09-17 14:55:37 request.php [GET_XML]: https://storage.mds.yandex.net/file-download-info/1676133_89eaf089.86081248.7.57925627/192?sign=7c33499d775aa531d727553a5a4ebac2959e687d0cc823ce71cc3a2c9fcca8e2&ts=5d80c9f5 User: Night.Jaguar.Saint
2019-09-17 14:55:37 request.php [GET_XML]: https://storage.mds.yandex.net/file-download-info/1676133_89eaf089.86081248.1.57925627/2?sign=e79124692777fed44bc548e02fdd8f6219f8bd025203d8ead7d1046ab74c8177&ts=5d80c9f5 User: Night.Jaguar.Saint
2019-09-17 14:55:38 request.php [GET_XML]: https://storage.mds.yandex.net/file-download-info/1676133_89eaf089.86081248.8.57925627/g128?sign=11070fb8f7b17e838279b8790f5dc0854b48cef537e68a3f05997d445daa3529&ts=5d80c9f5 User: Night.Jaguar.Saint
2019-09-17 14:55:38 request.php [GET_XML]: https://storage.mds.yandex.net/file-download-info/1676133_89eaf089.86081248.9.57925627/320?sign=f42de6f33811023f5c9dc6b1c5228bd5086424a88cea494f57927c927d0a2ef2&ts=5d80c9f5 User: Night.Jaguar.Saint
2019-09-17 14:55:38 request.php [GET_XML]: https://storage.mds.yandex.net/file-download-info/1676133_89eaf089.86081248.5.57925627/g64he?sign=ff07af09969ca21e0ea863c6b54ae6a57548dae84740fa296527ad9dbe9f5e06&ts=5d80c9f5 User: Night.Jaguar.Saint
2019-09-17 14:56:56 request.php [GET]: https://api.music.yandex.net/account/status
2019-09-17 14:56:58 request.php [GET]: https://api.music.yandex.net/tracks/57925627:8751243/download-info User: Night.Jaguar.Saint
2019-09-17 14:56:58 request.php [GET_XML]: https://storage.mds.yandex.net/file-download-info/1676133_89eaf089.86081248.1.57925627/2?sign=99f09d9b6a0dad9e3817a92f33d3c9b3c791fdee4bdce61e145d87d82759eb37&ts=5d80ca46 User: Night.Jaguar.Saint
2019-09-17 14:56:58 request.php [GET_XML]: https://storage.mds.yandex.net/file-download-info/1676133_89eaf089.86081248.9.57925627/320?sign=ca0d30c3b93351e554c726639ff5f25e77bf0a2e5f929c5ced916c81b3e7626f&ts=5d80ca46 User: Night.Jaguar.Saint
